<?xml version="1.0" encoding="UTF-8"?>
<testsuite xmlns:xsi="http://www.w3.org/2001/XMLSchema-instance" xsi:noNamespaceSchemaLocation="https://maven.apache.org/surefire/maven-surefire-plugin/xsd/surefire-test-report.xsd" name="com.sensor.dao.AdminDaoTest" time="0.258" tests="4" errors="0" skipped="0" failures="0">
  <properties>
    <property name="sun.desktop" value="windows"/>
    <property name="awt.toolkit" value="sun.awt.windows.WToolkit"/>
    <property name="file.encoding.pkg" value="sun.io"/>
    <property name="java.specification.version" value="1.8"/>
    <property name="sun.cpu.isalist" value="amd64"/>
    <property name="sun.jnu.encoding" value="GBK"/>
    <property name="java.class.path" value="D:\develop\sensor_management\target\test-classes;D:\develop\sensor_management\target\classes;C:\Users\Wongnoubo\.m2\repository\junit\junit\4.11\junit-4.11.jar;C:\Users\Wongnoubo\.m2\repository\org\hamcrest\hamcrest-core\1.3\hamcrest-core-1.3.jar;C:\Users\Wongnoubo\.m2\repository\org\springframework\spring-core\4.2.1.RELEASE\spring-core-4.2.1.RELEASE.jar;C:\Users\Wongnoubo\.m2\repository\commons-logging\commons-logging\1.2\commons-logging-1.2.jar;C:\Users\Wongnoubo\.m2\repository\org\springframework\spring-beans\4.2.1.RELEASE\spring-beans-4.2.1.RELEASE.jar;C:\Users\Wongnoubo\.m2\repository\org\springframework\spring-context\4.2.1.RELEASE\spring-context-4.2.1.RELEASE.jar;C:\Users\Wongnoubo\.m2\repository\org\springframework\spring-webmvc\4.2.1.RELEASE\spring-webmvc-4.2.1.RELEASE.jar;C:\Users\Wongnoubo\.m2\repository\org\springframework\spring-web\4.2.1.RELEASE\spring-web-4.2.1.RELEASE.jar;C:\Users\Wongnoubo\.m2\repository\org\springframework\spring-expression\4.2.1.RELEASE\spring-expression-4.2.1.RELEASE.jar;C:\Users\Wongnoubo\.m2\repository\org\springframework\spring-aop\4.2.1.RELEASE\spring-aop-4.2.1.RELEASE.jar;C:\Users\Wongnoubo\.m2\repository\aopalliance\aopalliance\1.0\aopalliance-1.0.jar;C:\Users\Wongnoubo\.m2\repository\org\springframework\spring-jdbc\4.2.1.RELEASE\spring-jdbc-4.2.1.RELEASE.jar;C:\Users\Wongnoubo\.m2\repository\org\springframework\spring-tx\4.2.1.RELEASE\spring-tx-4.2.1.RELEASE.jar;C:\Users\Wongnoubo\.m2\repository\org\springframework\spring-test\4.2.1.RELEASE\spring-test-4.2.1.RELEASE.jar;C:\Users\Wongnoubo\.m2\repository\commons-dbcp\commons-dbcp\1.4\commons-dbcp-1.4.jar;C:\Users\Wongnoubo\.m2\repository\commons-pool\commons-pool\1.5.4\commons-pool-1.5.4.jar;C:\Users\Wongnoubo\.m2\repository\mysql\mysql-connector-java\5.1.32\mysql-connector-java-5.1.32.jar;C:\Users\Wongnoubo\.m2\repository\javax\servlet\servlet-api\3.0-alpha-1\servlet-api-3.0-alpha-1.jar;C:\Users\Wongnoubo\.m2\repository\javax\servlet\jstl\1.2\jstl-1.2.jar;C:\Users\Wongnoubo\.m2\repository\log4j\log4j\1.2.17\log4j-1.2.17.jar;C:\Users\Wongnoubo\.m2\repository\com\fasterxml\jackson\core\jackson-core\2.8.8\jackson-core-2.8.8.jar;C:\Users\Wongnoubo\.m2\repository\com\fasterxml\jackson\core\jackson-annotations\2.8.8\jackson-annotations-2.8.8.jar;C:\Users\Wongnoubo\.m2\repository\com\fasterxml\jackson\core\jackson-databind\2.8.8\jackson-databind-2.8.8.jar;C:\Users\Wongnoubo\.m2\repository\org\apache\tomcat\embed\tomcat-embed-core\8.0.28\tomcat-embed-core-8.0.28.jar;"/>
    <property name="java.vm.vendor" value="Oracle Corporation"/>
    <property name="sun.arch.data.model" value="64"/>
    <property name="user.variant" value=""/>
    <property name="java.vendor.url" value="http://java.oracle.com/"/>
    <property name="user.timezone" value=""/>
    <property name="java.vm.specification.version" value="1.8"/>
    <property name="os.name" value="Windows 10"/>
    <property name="user.country" value="CN"/>
    <property name="sun.java.launcher" value="SUN_STANDARD"/>
    <property name="sun.boot.library.path" value="C:\Program Files\Java\jdk1.8.0_144\jre\bin"/>
    <property name="sun.java.command" value="C:\Users\WONGNO~1\AppData\Local\Temp\surefire5094858512809240927\surefirebooter1449536444625490457.jar C:\Users\Wongnoubo\AppData\Local\Temp\surefire5094858512809240927 2018-11-22T18-53-22_841-jvmRun1 surefire2390075967066308095tmp surefire_09001896530447819971tmp"/>
    <property name="surefire.test.class.path" value="D:\develop\sensor_management\target\test-classes;D:\develop\sensor_management\target\classes;C:\Users\Wongnoubo\.m2\repository\junit\junit\4.11\junit-4.11.jar;C:\Users\Wongnoubo\.m2\repository\org\hamcrest\hamcrest-core\1.3\hamcrest-core-1.3.jar;C:\Users\Wongnoubo\.m2\repository\org\springframework\spring-core\4.2.1.RELEASE\spring-core-4.2.1.RELEASE.jar;C:\Users\Wongnoubo\.m2\repository\commons-logging\commons-logging\1.2\commons-logging-1.2.jar;C:\Users\Wongnoubo\.m2\repository\org\springframework\spring-beans\4.2.1.RELEASE\spring-beans-4.2.1.RELEASE.jar;C:\Users\Wongnoubo\.m2\repository\org\springframework\spring-context\4.2.1.RELEASE\spring-context-4.2.1.RELEASE.jar;C:\Users\Wongnoubo\.m2\repository\org\springframework\spring-webmvc\4.2.1.RELEASE\spring-webmvc-4.2.1.RELEASE.jar;C:\Users\Wongnoubo\.m2\repository\org\springframework\spring-web\4.2.1.RELEASE\spring-web-4.2.1.RELEASE.jar;C:\Users\Wongnoubo\.m2\repository\org\springframework\spring-expression\4.2.1.RELEASE\spring-expression-4.2.1.RELEASE.jar;C:\Users\Wongnoubo\.m2\repository\org\springframework\spring-aop\4.2.1.RELEASE\spring-aop-4.2.1.RELEASE.jar;C:\Users\Wongnoubo\.m2\repository\aopalliance\aopalliance\1.0\aopalliance-1.0.jar;C:\Users\Wongnoubo\.m2\repository\org\springframework\spring-jdbc\4.2.1.RELEASE\spring-jdbc-4.2.1.RELEASE.jar;C:\Users\Wongnoubo\.m2\repository\org\springframework\spring-tx\4.2.1.RELEASE\spring-tx-4.2.1.RELEASE.jar;C:\Users\Wongnoubo\.m2\repository\org\springframework\spring-test\4.2.1.RELEASE\spring-test-4.2.1.RELEASE.jar;C:\Users\Wongnoubo\.m2\repository\commons-dbcp\commons-dbcp\1.4\commons-dbcp-1.4.jar;C:\Users\Wongnoubo\.m2\repository\commons-pool\commons-pool\1.5.4\commons-pool-1.5.4.jar;C:\Users\Wongnoubo\.m2\repository\mysql\mysql-connector-java\5.1.32\mysql-connector-java-5.1.32.jar;C:\Users\Wongnoubo\.m2\repository\javax\servlet\servlet-api\3.0-alpha-1\servlet-api-3.0-alpha-1.jar;C:\Users\Wongnoubo\.m2\repository\javax\servlet\jstl\1.2\jstl-1.2.jar;C:\Users\Wongnoubo\.m2\repository\log4j\log4j\1.2.17\log4j-1.2.17.jar;C:\Users\Wongnoubo\.m2\repository\com\fasterxml\jackson\core\jackson-core\2.8.8\jackson-core-2.8.8.jar;C:\Users\Wongnoubo\.m2\repository\com\fasterxml\jackson\core\jackson-annotations\2.8.8\jackson-annotations-2.8.8.jar;C:\Users\Wongnoubo\.m2\repository\com\fasterxml\jackson\core\jackson-databind\2.8.8\jackson-databind-2.8.8.jar;C:\Users\Wongnoubo\.m2\repository\org\apache\tomcat\embed\tomcat-embed-core\8.0.28\tomcat-embed-core-8.0.28.jar;"/>
    <property name="sun.cpu.endian" value="little"/>
    <property name="user.home" value="C:\Users\Wongnoubo"/>
    <property name="user.language" value="zh"/>
    <property name="java.specification.vendor" value="Oracle Corporation"/>
    <property name="java.home" value="C:\Program Files\Java\jdk1.8.0_144\jre"/>
    <property name="basedir" value="D:\develop\sensor_management"/>
    <property name="file.separator" value="\"/>
    <property name="line.separator" value="&#10;"/>
    <property name="java.vm.specification.vendor" value="Oracle Corporation"/>
    <property name="java.specification.name" value="Java Platform API Specification"/>
    <property name="java.awt.graphicsenv" value="sun.awt.Win32GraphicsEnvironment"/>
    <property name="surefire.real.class.path" value="C:\Users\WONGNO~1\AppData\Local\Temp\surefire5094858512809240927\surefirebooter1449536444625490457.jar"/>
    <property name="sun.boot.class.path" value="C:\Program Files\Java\jdk1.8.0_144\jre\lib\resources.jar;C:\Program Files\Java\jdk1.8.0_144\jre\lib\rt.jar;C:\Program Files\Java\jdk1.8.0_144\jre\lib\sunrsasign.jar;C:\Program Files\Java\jdk1.8.0_144\jre\lib\jsse.jar;C:\Program Files\Java\jdk1.8.0_144\jre\lib\jce.jar;C:\Program Files\Java\jdk1.8.0_144\jre\lib\charsets.jar;C:\Program Files\Java\jdk1.8.0_144\jre\lib\jfr.jar;C:\Program Files\Java\jdk1.8.0_144\jre\classes"/>
    <property name="user.script" value=""/>
    <property name="sun.management.compiler" value="HotSpot 64-Bit Tiered Compilers"/>
    <property name="java.runtime.version" value="1.8.0_144-b01"/>
    <property name="user.name" value="Wongnoubo"/>
    <property name="path.separator" value=";"/>
    <property name="os.version" value="10.0"/>
    <property name="java.endorsed.dirs" value="C:\Program Files\Java\jdk1.8.0_144\jre\lib\endorsed"/>
    <property name="java.runtime.name" value="Java(TM) SE Runtime Environment"/>
    <property name="file.encoding" value="GBK"/>
    <property name="java.vm.name" value="Java HotSpot(TM) 64-Bit Server VM"/>
    <property name="localRepository" value="C:\Users\Wongnoubo\.m2\repository"/>
    <property name="java.vendor.url.bug" value="http://bugreport.sun.com/bugreport/"/>
    <property name="java.io.tmpdir" value="C:\Users\WONGNO~1\AppData\Local\Temp\"/>
    <property name="idea.version" value="2018.1.4"/>
    <property name="java.version" value="1.8.0_144"/>
    <property name="user.dir" value="D:\develop\sensor_management"/>
    <property name="os.arch" value="amd64"/>
    <property name="java.vm.specification.name" value="Java Virtual Machine Specification"/>
    <property name="java.awt.printerjob" value="sun.awt.windows.WPrinterJob"/>
    <property name="sun.os.patch.level" value=""/>
    <property name="java.library.path" value="C:\Program Files\Java\jdk1.8.0_144\jre\bin;C:\WINDOWS\Sun\Java\bin;C:\WINDOWS\system32;C:\WINDOWS;C:\ProgramData\Oracle\Java\javapath;C:\WINDOWS\system32;C:\WINDOWS;C:\WINDOWS\System32\Wbem;C:\WINDOWS\System32\WindowsPowerShell\v1.0\;C:\Program Files\Microsoft SQL Server\130\Tools\Binn\;C:\Program Files\MATLAB\R2016a\runtime\win64;C:\Program Files\MATLAB\R2016a\bin;C:\Program Files\MATLAB\R2016a\polyspace\bin;C:\Program Files\Java\jdk1.8.0_144\bin;C:\Program Files\Java\jdk1.8.0_144\jre\bin;C:\Program Files\Git\cmd;C:\WINDOWS\system32\config\systemprofile\.dnx\bin;C:\Program Files\Microsoft DNX\Dnvm\;C:\Program Files (x86)\Windows Kits\8.1\Windows Performance Toolkit\;D:\develop\JAVA\maven\apache-maven-3.5.4\bin\;D:\develop\JAVA\maven\apache-maven-3.5.4\bin;C:\Program Files\nodejs\;C:\Program Files\nodejs;C:\Program Files\PuTTY\;C:\web\mysql-8.0.11-winx64\bin;C:\tomcat8\apache-tomcat-8.5.34\bin;C:\Users\Wongnoubo\AppData\Local\Programs\Python\Python36\Scripts\;C:\Users\Wongnoubo\AppData\Local\Programs\Python\Python36\;C:\Users\Wongnoubo\AppData\Roaming\npm;."/>
    <property name="java.vm.info" value="mixed mode"/>
    <property name="java.vendor" value="Oracle Corporation"/>
    <property name="java.vm.version" value="25.144-b01"/>
    <property name="java.ext.dirs" value="C:\Program Files\Java\jdk1.8.0_144\jre\lib\ext;C:\WINDOWS\Sun\Java\lib\ext"/>
    <property name="sun.io.unicode.encoding" value="UnicodeLittle"/>
    <property name="java.class.version" value="52.0"/>
  </properties>
  <testcase name="testgetMatchCount" classname="com.sensor.dao.AdminDaoTest" time="0.086"/>
  <testcase name="testgetPasswd" classname="com.sensor.dao.AdminDaoTest" time="0.036"/>
  <testcase name="testrePassword" classname="com.sensor.dao.AdminDaoTest" time="0.057"/>
  <testcase name="testgetAllSensors" classname="com.sensor.dao.AdminDaoTest" time="0.038"/>
</testsuite>